{
  "stats": {
    "suites": 1,
    "tests": 1,
    "passes": 1,
    "pending": 0,
    "failures": 0,
    "start": "2025-12-24T16:59:23.026Z",
    "end": "2025-12-24T16:59:30.846Z",
    "duration": 7820,
    "testsRegistered": 1,
    "passPercent": 100,
    "pendingPercent": 0,
    "other": 0,
    "hasOther": false,
    "skipped": 0,
    "hasSkipped": false
  },
  "results": [
    {
      "uuid": "591b8977-2549-45b4-81fb-3e459a95ef37",
      "title": "",
      "fullFile": "C:\\Users\\dedew\\LearnigNodeJS\\Web UI Automation Fundamental\\tests\\main.js",
      "file": "\\tests\\main.js",
      "beforeHooks": [],
      "afterHooks": [],
      "tests": [],
      "suites": [
        {
          "uuid": "7db6c772-85de-46dc-bfe5-0717e1fdecde",
          "title": "Saucedemo End-to-End Automation",
          "fullFile": "C:\\Users\\dedew\\LearnigNodeJS\\Web UI Automation Fundamental\\tests\\main.js",
          "file": "\\tests\\main.js",
          "beforeHooks": [
            {
              "title": "\"before all\" hook in \"Saucedemo End-to-End Automation\"",
              "fullTitle": "Saucedemo End-to-End Automation \"before all\" hook in \"Saucedemo End-to-End Automation\"",
              "timedOut": false,
              "duration": 3872,
              "state": null,
              "speed": null,
              "pass": false,
              "fail": false,
              "pending": false,
              "context": null,
              "code": "driver = await beforeHook();\nloginPage = new LoginPage(driver);\ninventoryPage = new InventoryPage(driver);\ncartPage = new CartPage(driver);\ncheckoutPage = new CheckoutPage(driver);",
              "err": {},
              "uuid": "2040d3c1-0672-453f-bef3-347b6d507122",
              "parentUUID": "7db6c772-85de-46dc-bfe5-0717e1fdecde",
              "isHook": true,
              "skipped": false
            }
          ],
          "afterHooks": [
            {
              "title": "\"after all\" hook in \"Saucedemo End-to-End Automation\"",
              "fullTitle": "Saucedemo End-to-End Automation \"after all\" hook in \"Saucedemo End-to-End Automation\"",
              "timedOut": false,
              "duration": 878,
              "state": null,
              "speed": null,
              "pass": false,
              "fail": false,
              "pending": false,
              "context": null,
              "code": "await afterHook(driver, testStatus);",
              "err": {},
              "uuid": "8c8a0278-60aa-43d0-a7ca-67dea1b66ced",
              "parentUUID": "7db6c772-85de-46dc-bfe5-0717e1fdecde",
              "isHook": true,
              "skipped": false
            }
          ],
          "tests": [
            {
              "title": "Login sukses, sort produk Z-A, checkout berhasil + visual test",
              "fullTitle": "Saucedemo End-to-End Automation Login sukses, sort produk Z-A, checkout berhasil + visual test",
              "timedOut": false,
              "duration": 3065,
              "state": "passed",
              "speed": "slow",
              "pass": true,
              "fail": false,
              "pending": false,
              "context": null,
              "code": "try {\n    // ===== LOGIN =====\n    await loginPage.login('standard_user', 'secret_sauce');\n    expect(await loginPage.isLoginSuccess()).to.be.true;\n    console.log(\"Assertion passed: Login berhasil!\");\n    // ===== SORT =====\n    await inventoryPage.sortZtoA();\n    // ===== ADD TO CART =====\n    await cartPage.addProductToCart();\n    await cartPage.goToCart();\n    await cartPage.clickCheckout();\n    // ===== CHECKOUT =====\n    await checkoutPage.fillCheckoutInfo();\n    await checkoutPage.finishCheckout();\n    // ===== ASSERT CHECKOUT =====\n    const successMsg = await checkoutPage.getSuccessMessage();\n    expect(successMsg).to.equal(\"Thank you for your order!\");\n    console.log(\"Assertion passed: Checkout berhasil!\");\n    // ===== SCREENSHOT (NORMAL VIEWPORT) =====\n    const actualImagePath = await takeScreenshot(\n        driver,\n        'checkout_success.png'\n    );\n    // ===== VISUAL TESTING =====\n    const diff = await visualCompare(\n        path.resolve(__dirname, '../baseline/checkout_complete.png'),\n        actualImagePath,\n        path.resolve(__dirname, '../diff_checkout.png')\n    );\n    expect(diff).to.equal(0);\n    console.log(\"Visual Test Passed\");\n} catch (error) {\n    testStatus = 'failed';\n    throw error;\n}",
              "err": {},
              "uuid": "27e19c89-58ad-4a0e-85d2-bcfa6b6024d4",
              "parentUUID": "7db6c772-85de-46dc-bfe5-0717e1fdecde",
              "isHook": false,
              "skipped": false
            }
          ],
          "suites": [],
          "passes": [
            "27e19c89-58ad-4a0e-85d2-bcfa6b6024d4"
          ],
          "failures": [],
          "pending": [],
          "skipped": [],
          "duration": 3065,
          "root": false,
          "rootEmpty": false,
          "_timeout": 60000
        }
      ],
      "passes": [],
      "failures": [],
      "pending": [],
      "skipped": [],
      "duration": 0,
      "root": true,
      "rootEmpty": true,
      "_timeout": 30000
    }
  ],
  "meta": {
    "mocha": {
      "version": "10.8.2"
    },
    "mochawesome": {
      "options": {
        "quiet": false,
        "reportFilename": "mochawesome",
        "saveHtml": true,
        "saveJson": true,
        "consoleReporter": "spec",
        "useInlineDiffs": false,
        "code": true
      },
      "version": "7.1.4"
    },
    "marge": {
      "options": null,
      "version": "6.3.2"
    }
  }
}