{
  "stats": {
    "suites": 1,
    "tests": 2,
    "passes": 2,
    "pending": 0,
    "failures": 0,
    "start": "2025-12-20T15:43:28.707Z",
    "end": "2025-12-20T15:43:38.584Z",
    "duration": 9877,
    "testsRegistered": 2,
    "passPercent": 100,
    "pendingPercent": 0,
    "other": 0,
    "hasOther": false,
    "skipped": 0,
    "hasSkipped": false
  },
  "results": [
    {
      "uuid": "b6acc717-02a8-4b29-aab9-701cc9e92658",
      "title": "",
      "fullFile": "C:\\Users\\dedew\\LearnigNodeJS\\Web UI Automation Fundamental\\test\\saucedemo.test.js",
      "file": "\\test\\saucedemo.test.js",
      "beforeHooks": [],
      "afterHooks": [],
      "tests": [],
      "suites": [
        {
          "uuid": "4df317fb-2391-47e7-9f8e-6e340e821afa",
          "title": "SauceDemo Web UI Automation",
          "fullFile": "C:\\Users\\dedew\\LearnigNodeJS\\Web UI Automation Fundamental\\test\\saucedemo.test.js",
          "file": "\\test\\saucedemo.test.js",
          "beforeHooks": [
            {
              "title": "\"before all\" hook in \"SauceDemo Web UI Automation\"",
              "fullTitle": "SauceDemo Web UI Automation \"before all\" hook in \"SauceDemo Web UI Automation\"",
              "timedOut": false,
              "duration": 4539,
              "state": null,
              "speed": null,
              "pass": false,
              "fail": false,
              "pending": false,
              "context": null,
              "code": "driver = await new Builder().forBrowser('firefox').build();\nawait driver.get('https://www.saucedemo.com/');\nconsole.log(\"Website Saucedemo terbuka.\");",
              "err": {},
              "uuid": "83c5fc73-e744-46bf-b04e-848b860511f1",
              "parentUUID": "4df317fb-2391-47e7-9f8e-6e340e821afa",
              "isHook": true,
              "skipped": false
            }
          ],
          "afterHooks": [
            {
              "title": "\"after all\" hook in \"SauceDemo Web UI Automation\"",
              "fullTitle": "SauceDemo Web UI Automation \"after all\" hook in \"SauceDemo Web UI Automation\"",
              "timedOut": false,
              "duration": 868,
              "state": null,
              "speed": null,
              "pass": false,
              "fail": false,
              "pending": false,
              "context": null,
              "code": "await driver.quit();\nconsole.log(\"Browser ditutup.\");",
              "err": {},
              "uuid": "4c6560c1-36fd-4769-a333-8516bf5d0e1e",
              "parentUUID": "4df317fb-2391-47e7-9f8e-6e340e821afa",
              "isHook": true,
              "skipped": false
            }
          ],
          "tests": [
            {
              "title": "Login berhasil",
              "fullTitle": "SauceDemo Web UI Automation Login berhasil",
              "timedOut": false,
              "duration": 1724,
              "state": "passed",
              "speed": "slow",
              "pass": true,
              "fail": false,
              "pending": false,
              "context": null,
              "code": "await login(driver, 'standard_user', 'secret_sauce');\nawait driver.sleep(1500); // delay manusiawi",
              "err": {},
              "uuid": "aaeb048b-2b41-437f-a5d0-7753d11b3441",
              "parentUUID": "4df317fb-2391-47e7-9f8e-6e340e821afa",
              "isHook": false,
              "skipped": false
            },
            {
              "title": "Sort produk Z-A berhasil",
              "fullTitle": "SauceDemo Web UI Automation Sort produk Z-A berhasil",
              "timedOut": false,
              "duration": 2741,
              "state": "passed",
              "speed": "slow",
              "pass": true,
              "fail": false,
              "pending": false,
              "context": null,
              "code": "await sortProductZtoA(driver);\nawait driver.sleep(1000);",
              "err": {},
              "uuid": "be189553-dbc9-4e48-8e09-882699fef3b7",
              "parentUUID": "4df317fb-2391-47e7-9f8e-6e340e821afa",
              "isHook": false,
              "skipped": false
            }
          ],
          "suites": [],
          "passes": [
            "aaeb048b-2b41-437f-a5d0-7753d11b3441",
            "be189553-dbc9-4e48-8e09-882699fef3b7"
          ],
          "failures": [],
          "pending": [],
          "skipped": [],
          "duration": 4465,
          "root": false,
          "rootEmpty": false,
          "_timeout": 30000
        }
      ],
      "passes": [],
      "failures": [],
      "pending": [],
      "skipped": [],
      "duration": 0,
      "root": true,
      "rootEmpty": true,
      "_timeout": 30000
    }
  ],
  "meta": {
    "mocha": {
      "version": "11.7.5"
    },
    "mochawesome": {
      "options": {
        "quiet": false,
        "reportFilename": "mochawesome",
        "saveHtml": true,
        "saveJson": true,
        "consoleReporter": "spec",
        "useInlineDiffs": false,
        "code": true
      },
      "version": "7.1.4"
    },
    "marge": {
      "options": null,
      "version": "6.3.2"
    }
  }
}